stdio    D         file_stdio.c:105  file_stdio_fopen                 [   0.00000] opening C:\Users\JJ\Desktop\PJP_W1\Tetris_w1\Debug\allegro5.cfg r
system   D            wsystem.c:721  maybe_parent_dir                 [   0.00000] Also searching C:\Users\JJ\Desktop\PJP_W1\Tetris_w1\
system   D            wsystem.c:771  _al_win_safe_load_library        [   0.00000] PathFindOnPath found: C:\Windows\system32\shcore.dll
system   D            wsystem.c:682  load_library_at_path             [   0.00000] Calling LoadLibrary C:\Windows\system32\shcore.dll
system   I            wsystem.c:685  load_library_at_path             [   0.00000] Loaded C:\Windows\system32\shcore.dll
system   I             system.c:257  al_install_system                [   0.00000] Allegro version: 5.2.1
system   D            wsystem.c:721  maybe_parent_dir                 [   0.00028] Also searching C:\Users\JJ\Desktop\PJP_W1\Tetris_w1\
system   D            wsystem.c:771  _al_win_safe_load_library        [   0.00058] PathFindOnPath found: C:\Windows\system32\d3d9.dll
system   D            wsystem.c:682  load_library_at_path             [   0.00061] Calling LoadLibrary C:\Windows\system32\d3d9.dll
system   I            wsystem.c:685  load_library_at_path             [   0.00901] Loaded C:\Windows\system32\d3d9.dll
d3d      I         d3d_disp.cpp:674  d3d_init_display                 [   0.07180] Render-to-texture: 1
d3d      I         d3d_disp.cpp:1769 d3d_create_display_locked        [   0.07354] faux_fullscreen=0
d3d      D         d3d_disp.cpp:1770 d3d_create_display_locked        [   0.07358] al_display=007A9AE0
d3d      D         d3d_disp.cpp:1771 d3d_create_display_locked        [   0.07361] al_display->vt=007A9A00
d3d      I d3d_display_formats.cpp:144  _al_d3d_generate_display_format_list [   0.07628] found 64 format combinations
display  D   display_settings.c:212  debug_display_settings           [   0.07634] color: 32 (rgba 8880), depth: 0, stencil: 0, acc: 0000, samples: 0/0
display  D   display_settings.c:527  _al_score_display_settings       [   0.07638] Score is : 897
display  D   display_settings.c:212  debug_display_settings           [   0.07641] color: 32 (rgba 8880), depth: 0, stencil: 0, acc: 0000, samples: 0/0
display  D   display_settings.c:527  _al_score_display_settings       [   0.07645] Score is : 897
display  D   display_settings.c:212  debug_display_settings           [   0.07648] color: 32 (rgba 8880), depth: 24, stencil: 8, acc: 0000, samples: 0/0
display  D   display_settings.c:527  _al_score_display_settings       [   0.07652] Score is : 897
display  D   display_settings.c:212  debug_display_settings           [   0.07654] color: 32 (rgba 8880), depth: 24, stencil: 8, acc: 0000, samples: 0/0
display  D   display_settings.c:527  _al_score_display_settings       [   0.07658] Score is : 897
display  D   display_settings.c:212  debug_display_settings           [   0.07660] color: 32 (rgba 8880), depth: 24, stencil: 0, acc: 0000, samples: 0/0
display  D   display_settings.c:527  _al_score_display_settings       [   0.07664] Score is : 897
display  D   display_settings.c:212  debug_display_settings           [   0.07666] color: 32 (rgba 8880), depth: 24, stencil: 0, acc: 0000, samples: 0/0
display  D   display_settings.c:527  _al_score_display_settings       [   0.07669] Score is : 897
display  D   display_settings.c:212  debug_display_settings           [   0.07670] color: 32 (rgba 8880), depth: 16, stencil: 0, acc: 0000, samples: 0/0
display  D   display_settings.c:527  _al_score_display_settings       [   0.07673] Score is : 897
display  D   display_settings.c:212  debug_display_settings           [   0.07675] color: 32 (rgba 8880), depth: 16, stencil: 0, acc: 0000, samples: 0/0
display  D   display_settings.c:527  _al_score_display_settings       [   0.07677] Score is : 897
display  D   display_settings.c:212  debug_display_settings           [   0.07679] color: 16 (rgba 5650), depth: 0, stencil: 0, acc: 0000, samples: 0/0
display  D   display_settings.c:527  _al_score_display_settings       [   0.07681] Score is : 897
display  D   display_settings.c:212  debug_display_settings           [   0.07688] color: 16 (rgba 5650), depth: 0, stencil: 0, acc: 0000, samples: 0/0
display  D   display_settings.c:527  _al_score_display_settings       [   0.07692] Score is : 897
display  D   display_settings.c:212  debug_display_settings           [   0.07695] color: 16 (rgba 5650), depth: 24, stencil: 8, acc: 0000, samples: 0/0
display  D   display_settings.c:527  _al_score_display_settings       [   0.07698] Score is : 897
display  D   display_settings.c:212  debug_display_settings           [   0.07701] color: 16 (rgba 5650), depth: 24, stencil: 8, acc: 0000, samples: 0/0
display  D   display_settings.c:527  _al_score_display_settings       [   0.07704] Score is : 897
display  D   display_settings.c:212  debug_display_settings           [   0.07707] color: 16 (rgba 5650), depth: 24, stencil: 0, acc: 0000, samples: 0/0
display  D   display_settings.c:527  _al_score_display_settings       [   0.07710] Score is : 897
display  D   display_settings.c:212  debug_display_settings           [   0.07713] color: 16 (rgba 5650), depth: 24, stencil: 0, acc: 0000, samples: 0/0
display  D   display_settings.c:527  _al_score_display_settings       [   0.07715] Score is : 897
display  D   display_settings.c:212  debug_display_settings           [   0.07717] color: 16 (rgba 5650), depth: 16, stencil: 0, acc: 0000, samples: 0/0
display  D   display_settings.c:527  _al_score_display_settings       [   0.07719] Score is : 897
display  D   display_settings.c:212  debug_display_settings           [   0.07720] color: 16 (rgba 5650), depth: 16, stencil: 0, acc: 0000, samples: 0/0
display  D   display_settings.c:527  _al_score_display_settings       [   0.07723] Score is : 897
display  D   display_settings.c:212  debug_display_settings           [   0.07724] color: 32 (rgba 8880), depth: 0, stencil: 0, acc: 0000, samples: 0/0
display  D   display_settings.c:398  _al_score_display_settings       [   0.07726] Single Buffer requirement not met.
display  D   display_settings.c:212  debug_display_settings           [   0.07728] color: 32 (rgba 8880), depth: 0, stencil: 0, acc: 0000, samples: 0/0
display  D   display_settings.c:398  _al_score_display_settings       [   0.07730] Single Buffer requirement not met.
display  D   display_settings.c:212  debug_display_settings           [   0.07732] color: 32 (rgba 8880), depth: 24, stencil: 8, acc: 0000, samples: 0/0
display  D   display_settings.c:398  _al_score_display_settings       [   0.07734] Single Buffer requirement not met.
display  D   display_settings.c:212  debug_display_settings           [   0.07736] color: 32 (rgba 8880), depth: 24, stencil: 8, acc: 0000, samples: 0/0
display  D   display_settings.c:398  _al_score_display_settings       [   0.07738] Single Buffer requirement not met.
display  D   display_settings.c:212  debug_display_settings           [   0.07740] color: 32 (rgba 8880), depth: 24, stencil: 0, acc: 0000, samples: 0/0
display  D   display_settings.c:398  _al_score_display_settings       [   0.07742] Single Buffer requirement not met.
display  D   display_settings.c:212  debug_display_settings           [   0.07744] color: 32 (rgba 8880), depth: 24, stencil: 0, acc: 0000, samples: 0/0
display  D   display_settings.c:398  _al_score_display_settings       [   0.07746] Single Buffer requirement not met.
display  D   display_settings.c:212  debug_display_settings           [   0.07748] color: 32 (rgba 8880), depth: 16, stencil: 0, acc: 0000, samples: 0/0
display  D   display_settings.c:398  _al_score_display_settings       [   0.07751] Single Buffer requirement not met.
display  D   display_settings.c:212  debug_display_settings           [   0.07753] color: 32 (rgba 8880), depth: 16, stencil: 0, acc: 0000, samples: 0/0
display  D   display_settings.c:398  _al_score_display_settings       [   0.07757] Single Buffer requirement not met.
display  D   display_settings.c:212  debug_display_settings           [   0.07759] color: 16 (rgba 5650), depth: 0, stencil: 0, acc: 0000, samples: 0/0
display  D   display_settings.c:398  _al_score_display_settings       [   0.07763] Single Buffer requirement not met.
display  D   display_settings.c:212  debug_display_settings           [   0.07766] color: 16 (rgba 5650), depth: 0, stencil: 0, acc: 0000, samples: 0/0
display  D   display_settings.c:398  _al_score_display_settings       [   0.07770] Single Buffer requirement not met.
display  D   display_settings.c:212  debug_display_settings           [   0.07773] color: 16 (rgba 5650), depth: 24, stencil: 8, acc: 0000, samples: 0/0
display  D   display_settings.c:398  _al_score_display_settings       [   0.07778] Single Buffer requirement not met.
display  D   display_settings.c:212  debug_display_settings           [   0.07781] color: 16 (rgba 5650), depth: 24, stencil: 8, acc: 0000, samples: 0/0
display  D   display_settings.c:398  _al_score_display_settings       [   0.07785] Single Buffer requirement not met.
display  D   display_settings.c:212  debug_display_settings           [   0.07789] color: 16 (rgba 5650), depth: 24, stencil: 0, acc: 0000, samples: 0/0
display  D   display_settings.c:398  _al_score_display_settings       [   0.07793] Single Buffer requirement not met.
display  D   display_settings.c:212  debug_display_settings           [   0.07796] color: 16 (rgba 5650), depth: 24, stencil: 0, acc: 0000, samples: 0/0
display  D   display_settings.c:398  _al_score_display_settings       [   0.07800] Single Buffer requirement not met.
display  D   display_settings.c:212  debug_display_settings           [   0.07803] color: 16 (rgba 5650), depth: 16, stencil: 0, acc: 0000, samples: 0/0
display  D   display_settings.c:398  _al_score_display_settings       [   0.07807] Single Buffer requirement not met.
display  D   display_settings.c:212  debug_display_settings           [   0.07810] color: 16 (rgba 5650), depth: 16, stencil: 0, acc: 0000, samples: 0/0
display  D   display_settings.c:398  _al_score_display_settings       [   0.07814] Single Buffer requirement not met.
display  D   display_settings.c:212  debug_display_settings           [   0.07817] color: 32 (rgba 8880), depth: 0, stencil: 0, acc: 0000, samples: 0/0
display  D   display_settings.c:527  _al_score_display_settings       [   0.07820] Score is : 769
display  D   display_settings.c:212  debug_display_settings           [   0.07822] color: 32 (rgba 8880), depth: 0, stencil: 0, acc: 0000, samples: 0/0
display  D   display_settings.c:527  _al_score_display_settings       [   0.07825] Score is : 769
display  D   display_settings.c:212  debug_display_settings           [   0.07827] color: 32 (rgba 8880), depth: 24, stencil: 8, acc: 0000, samples: 0/0
display  D   display_settings.c:527  _al_score_display_settings       [   0.07830] Score is : 769
display  D   display_settings.c:212  debug_display_settings           [   0.07832] color: 32 (rgba 8880), depth: 24, stencil: 8, acc: 0000, samples: 0/0
display  D   display_settings.c:527  _al_score_display_settings       [   0.07836] Score is : 769
display  D   display_settings.c:212  debug_display_settings           [   0.07838] color: 32 (rgba 8880), depth: 24, stencil: 0, acc: 0000, samples: 0/0
display  D   display_settings.c:527  _al_score_display_settings       [   0.07842] Score is : 769
display  D   display_settings.c:212  debug_display_settings           [   0.07843] color: 32 (rgba 8880), depth: 24, stencil: 0, acc: 0000, samples: 0/0
display  D   display_settings.c:527  _al_score_display_settings       [   0.07846] Score is : 769
display  D   display_settings.c:212  debug_display_settings           [   0.07847] color: 32 (rgba 8880), depth: 16, stencil: 0, acc: 0000, samples: 0/0
display  D   display_settings.c:527  _al_score_display_settings       [   0.07849] Score is : 769
display  D   display_settings.c:212  debug_display_settings           [   0.07852] color: 32 (rgba 8880), depth: 16, stencil: 0, acc: 0000, samples: 0/0
display  D   display_settings.c:527  _al_score_display_settings       [   0.07854] Score is : 769
display  D   display_settings.c:212  debug_display_settings           [   0.07855] color: 16 (rgba 5650), depth: 0, stencil: 0, acc: 0000, samples: 0/0
display  D   display_settings.c:527  _al_score_display_settings       [   0.07858] Score is : 769
display  D   display_settings.c:212  debug_display_settings           [   0.07860] color: 16 (rgba 5650), depth: 0, stencil: 0, acc: 0000, samples: 0/0
display  D   display_settings.c:527  _al_score_display_settings       [   0.07862] Score is : 769
display  D   display_settings.c:212  debug_display_settings           [   0.07864] color: 16 (rgba 5650), depth: 24, stencil: 8, acc: 0000, samples: 0/0
display  D   display_settings.c:527  _al_score_display_settings       [   0.07866] Score is : 769
display  D   display_settings.c:212  debug_display_settings           [   0.07868] color: 16 (rgba 5650), depth: 24, stencil: 8, acc: 0000, samples: 0/0
display  D   display_settings.c:527  _al_score_display_settings       [   0.07870] Score is : 769
display  D   display_settings.c:212  debug_display_settings           [   0.07871] color: 16 (rgba 5650), depth: 24, stencil: 0, acc: 0000, samples: 0/0
display  D   display_settings.c:527  _al_score_display_settings       [   0.07874] Score is : 769
display  D   display_settings.c:212  debug_display_settings           [   0.07875] color: 16 (rgba 5650), depth: 24, stencil: 0, acc: 0000, samples: 0/0
display  D   display_settings.c:527  _al_score_display_settings       [   0.07877] Score is : 769
display  D   display_settings.c:212  debug_display_settings           [   0.07879] color: 16 (rgba 5650), depth: 16, stencil: 0, acc: 0000, samples: 0/0
display  D   display_settings.c:527  _al_score_display_settings       [   0.07881] Score is : 769
display  D   display_settings.c:212  debug_display_settings           [   0.07883] color: 16 (rgba 5650), depth: 16, stencil: 0, acc: 0000, samples: 0/0
display  D   display_settings.c:527  _al_score_display_settings       [   0.07885] Score is : 769
display  D   display_settings.c:212  debug_display_settings           [   0.07887] color: 32 (rgba 8880), depth: 0, stencil: 0, acc: 0000, samples: 0/0
display  D   display_settings.c:398  _al_score_display_settings       [   0.07889] Single Buffer requirement not met.
display  D   display_settings.c:212  debug_display_settings           [   0.07891] color: 32 (rgba 8880), depth: 0, stencil: 0, acc: 0000, samples: 0/0
display  D   display_settings.c:398  _al_score_display_settings       [   0.07893] Single Buffer requirement not met.
display  D   display_settings.c:212  debug_display_settings           [   0.07894] color: 32 (rgba 8880), depth: 24, stencil: 8, acc: 0000, samples: 0/0
display  D   display_settings.c:398  _al_score_display_settings       [   0.07897] Single Buffer requirement not met.
display  D   display_settings.c:212  debug_display_settings           [   0.07898] color: 32 (rgba 8880), depth: 24, stencil: 8, acc: 0000, samples: 0/0
display  D   display_settings.c:398  _al_score_display_settings       [   0.07901] Single Buffer requirement not met.
display  D   display_settings.c:212  debug_display_settings           [   0.07902] color: 32 (rgba 8880), depth: 24, stencil: 0, acc: 0000, samples: 0/0
display  D   display_settings.c:398  _al_score_display_settings       [   0.07904] Single Buffer requirement not met.
display  D   display_settings.c:212  debug_display_settings           [   0.07906] color: 32 (rgba 8880), depth: 24, stencil: 0, acc: 0000, samples: 0/0
display  D   display_settings.c:398  _al_score_display_settings       [   0.07908] Single Buffer requirement not met.
display  D   display_settings.c:212  debug_display_settings           [   0.07910] color: 32 (rgba 8880), depth: 16, stencil: 0, acc: 0000, samples: 0/0
display  D   display_settings.c:398  _al_score_display_settings       [   0.07912] Single Buffer requirement not met.
display  D   display_settings.c:212  debug_display_settings           [   0.07914] color: 32 (rgba 8880), depth: 16, stencil: 0, acc: 0000, samples: 0/0
display  D   display_settings.c:398  _al_score_display_settings       [   0.07916] Single Buffer requirement not met.
display  D   display_settings.c:212  debug_display_settings           [   0.07922] color: 16 (rgba 5650), depth: 0, stencil: 0, acc: 0000, samples: 0/0
display  D   display_settings.c:398  _al_score_display_settings       [   0.07924] Single Buffer requirement not met.
display  D   display_settings.c:212  debug_display_settings           [   0.07926] color: 16 (rgba 5650), depth: 0, stencil: 0, acc: 0000, samples: 0/0
display  D   display_settings.c:398  _al_score_display_settings       [   0.07928] Single Buffer requirement not met.
display  D   display_settings.c:212  debug_display_settings           [   0.07930] color: 16 (rgba 5650), depth: 24, stencil: 8, acc: 0000, samples: 0/0
display  D   display_settings.c:398  _al_score_display_settings       [   0.07932] Single Buffer requirement not met.
display  D   display_settings.c:212  debug_display_settings           [   0.07934] color: 16 (rgba 5650), depth: 24, stencil: 8, acc: 0000, samples: 0/0
display  D   display_settings.c:398  _al_score_display_settings       [   0.07936] Single Buffer requirement not met.
display  D   display_settings.c:212  debug_display_settings           [   0.07938] color: 16 (rgba 5650), depth: 24, stencil: 0, acc: 0000, samples: 0/0
display  D   display_settings.c:398  _al_score_display_settings       [   0.07940] Single Buffer requirement not met.
display  D   display_settings.c:212  debug_display_settings           [   0.07942] color: 16 (rgba 5650), depth: 24, stencil: 0, acc: 0000, samples: 0/0
display  D   display_settings.c:398  _al_score_display_settings       [   0.07944] Single Buffer requirement not met.
display  D   display_settings.c:212  debug_display_settings           [   0.07945] color: 16 (rgba 5650), depth: 16, stencil: 0, acc: 0000, samples: 0/0
display  D   display_settings.c:398  _al_score_display_settings       [   0.07948] Single Buffer requirement not met.
display  D   display_settings.c:212  debug_display_settings           [   0.07949] color: 16 (rgba 5650), depth: 16, stencil: 0, acc: 0000, samples: 0/0
display  D   display_settings.c:398  _al_score_display_settings       [   0.07952] Single Buffer requirement not met.
d3d      D         d3d_disp.cpp:1669 d3d_create_display_internals     [   0.07955] Trying format 0.
d3d      I         d3d_disp.cpp:1344 d3d_display_thread_proc          [   0.08266] Chose a display format: 23
d3d      I         d3d_disp.cpp:1413 d3d_display_thread_proc          [   0.08272] Normal window.
d3d      I         d3d_disp.cpp:781  d3d_create_device                [   0.08903] Using no depth stencil buffer
d3d      D         d3d_disp.cpp:839  d3d_create_device                [   0.10363] BeginScene succeeded in create_device
d3d      D         d3d_disp.cpp:847  d3d_create_device                [   0.10368] Success
d3d      D         d3d_disp.cpp:1692 d3d_create_display_internals     [   0.10372] Resumed after wait.
d3d      I         d3d_disp.cpp:1725 d3d_create_display_internals     [   0.10378] Format 0 succeeded.
d3d      D         d3d_disp.cpp:1756 d3d_create_display_internals     [   0.10383] Returning d3d_display: 007A9AE0
d3d      D         d3d_disp.cpp:1781 d3d_create_display_locked        [   0.10386] al_display=007A9AE0
d3d      D         d3d_disp.cpp:1782 d3d_create_display_locked        [   0.10389] al_display->vt=007A9A00
system   D            wsystem.c:721  maybe_parent_dir                 [   0.10422] Also searching C:\Users\JJ\Desktop\PJP_W1\Tetris_w1\
system   W            wsystem.c:775  _al_win_safe_load_library        [   0.10546] PathFindOnPath failed to find d3dx9_43.dll
system   D            wsystem.c:721  maybe_parent_dir                 [   0.10558] Also searching C:\Users\JJ\Desktop\PJP_W1\Tetris_w1\
system   W            wsystem.c:775  _al_win_safe_load_library        [   0.10627] PathFindOnPath failed to find d3dx9_42.dll
system   D            wsystem.c:721  maybe_parent_dir                 [   0.10634] Also searching C:\Users\JJ\Desktop\PJP_W1\Tetris_w1\
system   W            wsystem.c:775  _al_win_safe_load_library        [   0.10698] PathFindOnPath failed to find d3dx9_41.dll
system   D            wsystem.c:721  maybe_parent_dir                 [   0.10705] Also searching C:\Users\JJ\Desktop\PJP_W1\Tetris_w1\
system   W            wsystem.c:775  _al_win_safe_load_library        [   0.10777] PathFindOnPath failed to find d3dx9_40.dll
system   D            wsystem.c:721  maybe_parent_dir                 [   0.10788] Also searching C:\Users\JJ\Desktop\PJP_W1\Tetris_w1\
system   W            wsystem.c:775  _al_win_safe_load_library        [   0.10895] PathFindOnPath failed to find d3dx9_39.dll
system   D            wsystem.c:721  maybe_parent_dir                 [   0.10909] Also searching C:\Users\JJ\Desktop\PJP_W1\Tetris_w1\
system   W            wsystem.c:775  _al_win_safe_load_library        [   0.11038] PathFindOnPath failed to find d3dx9_38.dll
system   D            wsystem.c:721  maybe_parent_dir                 [   0.11065] Also searching C:\Users\JJ\Desktop\PJP_W1\Tetris_w1\
system   W            wsystem.c:775  _al_win_safe_load_library        [   0.11222] PathFindOnPath failed to find d3dx9_37.dll
system   D            wsystem.c:721  maybe_parent_dir                 [   0.11236] Also searching C:\Users\JJ\Desktop\PJP_W1\Tetris_w1\
system   W            wsystem.c:775  _al_win_safe_load_library        [   0.11343] PathFindOnPath failed to find d3dx9_36.dll
system   D            wsystem.c:721  maybe_parent_dir                 [   0.11355] Also searching C:\Users\JJ\Desktop\PJP_W1\Tetris_w1\
system   W            wsystem.c:775  _al_win_safe_load_library        [   0.11448] PathFindOnPath failed to find d3dx9_35.dll
system   D            wsystem.c:721  maybe_parent_dir                 [   0.11460] Also searching C:\Users\JJ\Desktop\PJP_W1\Tetris_w1\
system   W            wsystem.c:775  _al_win_safe_load_library        [   0.11550] PathFindOnPath failed to find d3dx9_34.dll
system   D            wsystem.c:721  maybe_parent_dir                 [   0.11561] Also searching C:\Users\JJ\Desktop\PJP_W1\Tetris_w1\
system   W            wsystem.c:775  _al_win_safe_load_library        [   0.11649] PathFindOnPath failed to find d3dx9_33.dll
system   D            wsystem.c:721  maybe_parent_dir                 [   0.11660] Also searching C:\Users\JJ\Desktop\PJP_W1\Tetris_w1\
system   W            wsystem.c:775  _al_win_safe_load_library        [   0.11748] PathFindOnPath failed to find d3dx9_32.dll
system   D            wsystem.c:721  maybe_parent_dir                 [   0.11760] Also searching C:\Users\JJ\Desktop\PJP_W1\Tetris_w1\
system   W            wsystem.c:775  _al_win_safe_load_library        [   0.11847] PathFindOnPath failed to find d3dx9_31.dll
system   D            wsystem.c:721  maybe_parent_dir                 [   0.11858] Also searching C:\Users\JJ\Desktop\PJP_W1\Tetris_w1\
system   W            wsystem.c:775  _al_win_safe_load_library        [   0.11941] PathFindOnPath failed to find d3dx9_30.dll
system   D            wsystem.c:721  maybe_parent_dir                 [   0.11952] Also searching C:\Users\JJ\Desktop\PJP_W1\Tetris_w1\
system   W            wsystem.c:775  _al_win_safe_load_library        [   0.12029] PathFindOnPath failed to find d3dx9_29.dll
system   D            wsystem.c:721  maybe_parent_dir                 [   0.12036] Also searching C:\Users\JJ\Desktop\PJP_W1\Tetris_w1\
system   W            wsystem.c:775  _al_win_safe_load_library        [   0.12095] PathFindOnPath failed to find d3dx9_28.dll
system   D            wsystem.c:721  maybe_parent_dir                 [   0.12102] Also searching C:\Users\JJ\Desktop\PJP_W1\Tetris_w1\
system   W            wsystem.c:775  _al_win_safe_load_library        [   0.12162] PathFindOnPath failed to find d3dx9_27.dll
system   D            wsystem.c:721  maybe_parent_dir                 [   0.12172] Also searching C:\Users\JJ\Desktop\PJP_W1\Tetris_w1\
system   W            wsystem.c:775  _al_win_safe_load_library        [   0.12256] PathFindOnPath failed to find d3dx9_26.dll
system   D            wsystem.c:721  maybe_parent_dir                 [   0.12268] Also searching C:\Users\JJ\Desktop\PJP_W1\Tetris_w1\
system   W            wsystem.c:775  _al_win_safe_load_library        [   0.12355] PathFindOnPath failed to find d3dx9_25.dll
system   D            wsystem.c:721  maybe_parent_dir                 [   0.12363] Also searching C:\Users\JJ\Desktop\PJP_W1\Tetris_w1\
system   W            wsystem.c:775  _al_win_safe_load_library        [   0.12424] PathFindOnPath failed to find d3dx9_24.dll
d3dx9    E        d3d_d3dx9.cpp:121  _al_load_d3dx9_module            [   0.12428] Failed to load D3DX9 library. Library is not installed.dtor     D               dtor.c:196  _al_register_destructor          [   0.12440] added dtor for queue 00842E90, func 0F6E2379
stdio    D         file_stdio.c:105  file_stdio_fopen                 [   0.12443] opening plansza1.bmp rb
d3d      D         d3d_disp.cpp:1188 real_choose_bitmap_format        [   0.12476] Fake format
d3d      D         d3d_disp.cpp:1188 real_choose_bitmap_format        [   0.12479] Fake format
d3d      D         d3d_disp.cpp:1188 real_choose_bitmap_format        [   0.12482] Fake format
d3d      D         d3d_disp.cpp:1188 real_choose_bitmap_format        [   0.12484] Fake format
d3d      D         d3d_disp.cpp:1188 real_choose_bitmap_format        [   0.12486] Fake format
d3d      D         d3d_disp.cpp:1188 real_choose_bitmap_format        [   0.12488] Fake format
d3d      D         d3d_disp.cpp:1188 real_choose_bitmap_format        [   0.12491] Fake format
d3d      D         d3d_disp.cpp:1188 real_choose_bitmap_format        [   0.12494] Fake format
d3d      D         d3d_disp.cpp:1188 real_choose_bitmap_format        [   0.12497] Fake format
d3d      D         d3d_disp.cpp:1196 real_choose_bitmap_format        [   0.12500] Alpha doesn't match
d3d      D         d3d_disp.cpp:1203 real_choose_bitmap_format        [   0.12504] Adapter format is 23
d3d      D         d3d_disp.cpp:1206 real_choose_bitmap_format        [   0.12506] Found a format
d3d      I         d3d_disp.cpp:2378 d3d_create_bitmap                [   0.12508] Chose bitmap format 9
dtor     D               dtor.c:196  _al_register_destructor          [   0.12543] added dtor for bitmap 00843948, func 0F6E222A
d3d      D          d3d_bmp.cpp:539  _al_d3d_sync_bitmap              [   0.14713] _al_d3d_sync_bitmap (system) ref count == 1
d3d      D          d3d_bmp.cpp:545  _al_d3d_sync_bitmap              [   0.14723] _al_d3d_sync_bitmap (video) ref count == 1
stdio    D         file_stdio.c:105  file_stdio_fopen                 [   1.46388] opening plansza1.bmp rb
d3d      D         d3d_disp.cpp:1188 real_choose_bitmap_format        [   1.46424] Fake format
d3d      D         d3d_disp.cpp:1188 real_choose_bitmap_format        [   1.46427] Fake format
d3d      D         d3d_disp.cpp:1188 real_choose_bitmap_format        [   1.46429] Fake format
d3d      D         d3d_disp.cpp:1188 real_choose_bitmap_format        [   1.46432] Fake format
d3d      D         d3d_disp.cpp:1188 real_choose_bitmap_format        [   1.46434] Fake format
d3d      D         d3d_disp.cpp:1188 real_choose_bitmap_format        [   1.46436] Fake format
d3d      D         d3d_disp.cpp:1188 real_choose_bitmap_format        [   1.46438] Fake format
d3d      D         d3d_disp.cpp:1188 real_choose_bitmap_format        [   1.46440] Fake format
d3d      D         d3d_disp.cpp:1188 real_choose_bitmap_format        [   1.46443] Fake format
d3d      D         d3d_disp.cpp:1196 real_choose_bitmap_format        [   1.46445] Alpha doesn't match
d3d      D         d3d_disp.cpp:1203 real_choose_bitmap_format        [   1.46447] Adapter format is 23
d3d      D         d3d_disp.cpp:1206 real_choose_bitmap_format        [   1.46450] Found a format
d3d      I         d3d_disp.cpp:2378 d3d_create_bitmap                [   1.46452] Chose bitmap format 9
dtor     D               dtor.c:196  _al_register_destructor          [   1.46495] added dtor for bitmap 0079C9A8, func 0F6E222A
d3d      D          d3d_bmp.cpp:539  _al_d3d_sync_bitmap              [   1.47084] _al_d3d_sync_bitmap (system) ref count == 1
d3d      D          d3d_bmp.cpp:545  _al_d3d_sync_bitmap              [   1.47094] _al_d3d_sync_bitmap (video) ref count == 1
stdio    D         file_stdio.c:105  file_stdio_fopen                 [   1.47318] opening plansza1.bmp rb
d3d      D         d3d_disp.cpp:1188 real_choose_bitmap_format        [   1.47364] Fake format
d3d      D         d3d_disp.cpp:1188 real_choose_bitmap_format        [   1.47368] Fake format
d3d      D         d3d_disp.cpp:1188 real_choose_bitmap_format        [   1.47371] Fake format
d3d      D         d3d_disp.cpp:1188 real_choose_bitmap_format        [   1.47374] Fake format
d3d      D         d3d_disp.cpp:1188 real_choose_bitmap_format        [   1.47376] Fake format
d3d      D         d3d_disp.cpp:1188 real_choose_bitmap_format        [   1.47379] Fake format
d3d      D         d3d_disp.cpp:1188 real_choose_bitmap_format        [   1.47381] Fake format
d3d      D         d3d_disp.cpp:1188 real_choose_bitmap_format        [   1.47383] Fake format
d3d      D         d3d_disp.cpp:1188 real_choose_bitmap_format        [   1.47386] Fake format
d3d      D         d3d_disp.cpp:1196 real_choose_bitmap_format        [   1.47388] Alpha doesn't match
d3d      D         d3d_disp.cpp:1203 real_choose_bitmap_format        [   1.47391] Adapter format is 23
d3d      D         d3d_disp.cpp:1206 real_choose_bitmap_format        [   1.47394] Found a format
d3d      I         d3d_disp.cpp:2378 d3d_create_bitmap                [   1.47397] Chose bitmap format 9
dtor     D               dtor.c:196  _al_register_destructor          [   1.47484] added dtor for bitmap 04695198, func 0F6E222A
d3d      D          d3d_bmp.cpp:539  _al_d3d_sync_bitmap              [   1.48586] _al_d3d_sync_bitmap (system) ref count == 1
d3d      D          d3d_bmp.cpp:545  _al_d3d_sync_bitmap              [   1.48597] _al_d3d_sync_bitmap (video) ref count == 1
stdio    D         file_stdio.c:105  file_stdio_fopen                 [   1.62396] opening plansza1.bmp rb
d3d      D         d3d_disp.cpp:1188 real_choose_bitmap_format        [   1.62476] Fake format
d3d      D         d3d_disp.cpp:1188 real_choose_bitmap_format        [   1.62480] Fake format
d3d      D         d3d_disp.cpp:1188 real_choose_bitmap_format        [   1.62483] Fake format
d3d      D         d3d_disp.cpp:1188 real_choose_bitmap_format        [   1.62486] Fake format
d3d      D         d3d_disp.cpp:1188 real_choose_bitmap_format        [   1.62488] Fake format
d3d      D         d3d_disp.cpp:1188 real_choose_bitmap_format        [   1.62490] Fake format
d3d      D         d3d_disp.cpp:1188 real_choose_bitmap_format        [   1.62493] Fake format
d3d      D         d3d_disp.cpp:1188 real_choose_bitmap_format        [   1.62495] Fake format
d3d      D         d3d_disp.cpp:1188 real_choose_bitmap_format        [   1.62497] Fake format
d3d      D         d3d_disp.cpp:1196 real_choose_bitmap_format        [   1.62500] Alpha doesn't match
d3d      D         d3d_disp.cpp:1203 real_choose_bitmap_format        [   1.62502] Adapter format is 23
d3d      D         d3d_disp.cpp:1206 real_choose_bitmap_format        [   1.62505] Found a format
d3d      I         d3d_disp.cpp:2378 d3d_create_bitmap                [   1.62509] Chose bitmap format 9
dtor     D               dtor.c:196  _al_register_destructor          [   1.62606] added dtor for bitmap 008428F8, func 0F6E222A
d3d      D          d3d_bmp.cpp:539  _al_d3d_sync_bitmap              [   1.63259] _al_d3d_sync_bitmap (system) ref count == 1
d3d      D          d3d_bmp.cpp:545  _al_d3d_sync_bitmap              [   1.63264] _al_d3d_sync_bitmap (video) ref count == 1
stdio    D         file_stdio.c:105  file_stdio_fopen                 [   1.99015] opening plansza1.bmp rb
d3d      D         d3d_disp.cpp:1188 real_choose_bitmap_format        [   1.99066] Fake format
d3d      D         d3d_disp.cpp:1188 real_choose_bitmap_format        [   1.99068] Fake format
d3d      D         d3d_disp.cpp:1188 real_choose_bitmap_format        [   1.99073] Fake format
d3d      D         d3d_disp.cpp:1188 real_choose_bitmap_format        [   1.99075] Fake format
d3d      D         d3d_disp.cpp:1188 real_choose_bitmap_format        [   1.99078] Fake format
d3d      D         d3d_disp.cpp:1188 real_choose_bitmap_format        [   1.99079] Fake format
d3d      D         d3d_disp.cpp:1188 real_choose_bitmap_format        [   1.99081] Fake format
d3d      D         d3d_disp.cpp:1188 real_choose_bitmap_format        [   1.99083] Fake format
d3d      D         d3d_disp.cpp:1188 real_choose_bitmap_format        [   1.99084] Fake format
d3d      D         d3d_disp.cpp:1196 real_choose_bitmap_format        [   1.99086] Alpha doesn't match
d3d      D         d3d_disp.cpp:1203 real_choose_bitmap_format        [   1.99087] Adapter format is 23
d3d      D         d3d_disp.cpp:1206 real_choose_bitmap_format        [   1.99089] Found a format
d3d      I         d3d_disp.cpp:2378 d3d_create_bitmap                [   1.99090] Chose bitmap format 9
dtor     D               dtor.c:196  _al_register_destructor          [   1.99127] added dtor for bitmap 047494A0, func 0F6E222A
d3d      D          d3d_bmp.cpp:539  _al_d3d_sync_bitmap              [   2.00177] _al_d3d_sync_bitmap (system) ref count == 1
d3d      D          d3d_bmp.cpp:545  _al_d3d_sync_bitmap              [   2.00183] _al_d3d_sync_bitmap (video) ref count == 1
stdio    D         file_stdio.c:105  file_stdio_fopen                 [   2.00335] opening plansza1.bmp rb
d3d      D         d3d_disp.cpp:1188 real_choose_bitmap_format        [   2.00366] Fake format
d3d      D         d3d_disp.cpp:1188 real_choose_bitmap_format        [   2.00368] Fake format
d3d      D         d3d_disp.cpp:1188 real_choose_bitmap_format        [   2.00370] Fake format
d3d      D         d3d_disp.cpp:1188 real_choose_bitmap_format        [   2.00371] Fake format
d3d      D         d3d_disp.cpp:1188 real_choose_bitmap_format        [   2.00373] Fake format
d3d      D         d3d_disp.cpp:1188 real_choose_bitmap_format        [   2.00374] Fake format
d3d      D         d3d_disp.cpp:1188 real_choose_bitmap_format        [   2.00375] Fake format
d3d      D         d3d_disp.cpp:1188 real_choose_bitmap_format        [   2.00377] Fake format
d3d      D         d3d_disp.cpp:1188 real_choose_bitmap_format        [   2.00378] Fake format
d3d      D         d3d_disp.cpp:1196 real_choose_bitmap_format        [   2.00380] Alpha doesn't match
d3d      D         d3d_disp.cpp:1203 real_choose_bitmap_format        [   2.00381] Adapter format is 23
d3d      D         d3d_disp.cpp:1206 real_choose_bitmap_format        [   2.00383] Found a format
d3d      I         d3d_disp.cpp:2378 d3d_create_bitmap                [   2.00384] Chose bitmap format 9
dtor     D               dtor.c:196  _al_register_destructor          [   2.00542] added dtor for bitmap 046D5EA8, func 0F6E222A
d3d      D          d3d_bmp.cpp:539  _al_d3d_sync_bitmap              [   2.01289] _al_d3d_sync_bitmap (system) ref count == 1
d3d      D          d3d_bmp.cpp:545  _al_d3d_sync_bitmap              [   2.01295] _al_d3d_sync_bitmap (video) ref count == 1
stdio    D         file_stdio.c:105  file_stdio_fopen                 [   2.14436] opening plansza1.bmp rb
d3d      D         d3d_disp.cpp:1188 real_choose_bitmap_format        [   2.14467] Fake format
d3d      D         d3d_disp.cpp:1188 real_choose_bitmap_format        [   2.14469] Fake format
d3d      D         d3d_disp.cpp:1188 real_choose_bitmap_format        [   2.14471] Fake format
d3d      D         d3d_disp.cpp:1188 real_choose_bitmap_format        [   2.14472] Fake format
d3d      D         d3d_disp.cpp:1188 real_choose_bitmap_format        [   2.14474] Fake format
d3d      D         d3d_disp.cpp:1188 real_choose_bitmap_format        [   2.14475] Fake format
d3d      D         d3d_disp.cpp:1188 real_choose_bitmap_format        [   2.14476] Fake format
d3d      D         d3d_disp.cpp:1188 real_choose_bitmap_format        [   2.14478] Fake format
d3d      D         d3d_disp.cpp:1188 real_choose_bitmap_format        [   2.14479] Fake format
d3d      D         d3d_disp.cpp:1196 real_choose_bitmap_format        [   2.14481] Alpha doesn't match
d3d      D         d3d_disp.cpp:1203 real_choose_bitmap_format        [   2.14483] Adapter format is 23
d3d      D         d3d_disp.cpp:1206 real_choose_bitmap_format        [   2.14484] Found a format
d3d      I         d3d_disp.cpp:2378 d3d_create_bitmap                [   2.14486] Chose bitmap format 9
dtor     D               dtor.c:196  _al_register_destructor          [   2.14571] added dtor for bitmap 046736C8, func 0F6E222A
d3d      D          d3d_bmp.cpp:539  _al_d3d_sync_bitmap              [   2.15264] _al_d3d_sync_bitmap (system) ref count == 1
d3d      D          d3d_bmp.cpp:545  _al_d3d_sync_bitmap              [   2.15270] _al_d3d_sync_bitmap (video) ref count == 1
stdio    D         file_stdio.c:105  file_stdio_fopen                 [   3.09802] opening plansza1.bmp rb
d3d      D         d3d_disp.cpp:1188 real_choose_bitmap_format        [   3.09830] Fake format
d3d      D         d3d_disp.cpp:1188 real_choose_bitmap_format        [   3.09832] Fake format
d3d      D         d3d_disp.cpp:1188 real_choose_bitmap_format        [   3.09833] Fake format
d3d      D         d3d_disp.cpp:1188 real_choose_bitmap_format        [   3.09835] Fake format
d3d      D         d3d_disp.cpp:1188 real_choose_bitmap_format        [   3.09836] Fake format
d3d      D         d3d_disp.cpp:1188 real_choose_bitmap_format        [   3.09837] Fake format
d3d      D         d3d_disp.cpp:1188 real_choose_bitmap_format        [   3.09839] Fake format
d3d      D         d3d_disp.cpp:1188 real_choose_bitmap_format        [   3.09840] Fake format
d3d      D         d3d_disp.cpp:1188 real_choose_bitmap_format        [   3.09841] Fake format
d3d      D         d3d_disp.cpp:1196 real_choose_bitmap_format        [   3.09843] Alpha doesn't match
d3d      D         d3d_disp.cpp:1203 real_choose_bitmap_format        [   3.09844] Adapter format is 23
d3d      D         d3d_disp.cpp:1206 real_choose_bitmap_format        [   3.09846] Found a format
d3d      I         d3d_disp.cpp:2378 d3d_create_bitmap                [   3.09847] Chose bitmap format 9
dtor     D               dtor.c:196  _al_register_destructor          [   3.09890] added dtor for bitmap 046A5D90, func 0F6E222A
d3d      D          d3d_bmp.cpp:539  _al_d3d_sync_bitmap              [   3.10396] _al_d3d_sync_bitmap (system) ref count == 1
d3d      D          d3d_bmp.cpp:545  _al_d3d_sync_bitmap              [   3.10402] _al_d3d_sync_bitmap (video) ref count == 1
stdio    D         file_stdio.c:105  file_stdio_fopen                 [   3.10787] opening plansza1.bmp rb
d3d      D         d3d_disp.cpp:1188 real_choose_bitmap_format        [   3.10833] Fake format
d3d      D         d3d_disp.cpp:1188 real_choose_bitmap_format        [   3.10836] Fake format
d3d      D         d3d_disp.cpp:1188 real_choose_bitmap_format        [   3.10839] Fake format
d3d      D         d3d_disp.cpp:1188 real_choose_bitmap_format        [   3.10841] Fake format
d3d      D         d3d_disp.cpp:1188 real_choose_bitmap_format        [   3.10843] Fake format
d3d      D         d3d_disp.cpp:1188 real_choose_bitmap_format        [   3.10846] Fake format
d3d      D         d3d_disp.cpp:1188 real_choose_bitmap_format        [   3.10848] Fake format
d3d      D         d3d_disp.cpp:1188 real_choose_bitmap_format        [   3.10851] Fake format
d3d      D         d3d_disp.cpp:1188 real_choose_bitmap_format        [   3.10853] Fake format
d3d      D         d3d_disp.cpp:1196 real_choose_bitmap_format        [   3.10855] Alpha doesn't match
d3d      D         d3d_disp.cpp:1203 real_choose_bitmap_format        [   3.10858] Adapter format is 23
d3d      D         d3d_disp.cpp:1206 real_choose_bitmap_format        [   3.10861] Found a format
d3d      I         d3d_disp.cpp:2378 d3d_create_bitmap                [   3.10863] Chose bitmap format 9
dtor     D               dtor.c:196  _al_register_destructor          [   3.10930] added dtor for bitmap 0475AD90, func 0F6E222A
d3d      D          d3d_bmp.cpp:539  _al_d3d_sync_bitmap              [   3.11543] _al_d3d_sync_bitmap (system) ref count == 1
d3d      D          d3d_bmp.cpp:545  _al_d3d_sync_bitmap              [   3.11548] _al_d3d_sync_bitmap (video) ref count == 1
stdio    D         file_stdio.c:105  file_stdio_fopen                 [   3.20404] opening plansza1.bmp rb
d3d      D         d3d_disp.cpp:1188 real_choose_bitmap_format        [   3.20431] Fake format
d3d      D         d3d_disp.cpp:1188 real_choose_bitmap_format        [   3.20433] Fake format
d3d      D         d3d_disp.cpp:1188 real_choose_bitmap_format        [   3.20434] Fake format
d3d      D         d3d_disp.cpp:1188 real_choose_bitmap_format        [   3.20435] Fake format
d3d      D         d3d_disp.cpp:1188 real_choose_bitmap_format        [   3.20437] Fake format
d3d      D         d3d_disp.cpp:1188 real_choose_bitmap_format        [   3.20438] Fake format
d3d      D         d3d_disp.cpp:1188 real_choose_bitmap_format        [   3.20440] Fake format
d3d      D         d3d_disp.cpp:1188 real_choose_bitmap_format        [   3.20441] Fake format
d3d      D         d3d_disp.cpp:1188 real_choose_bitmap_format        [   3.20442] Fake format
d3d      D         d3d_disp.cpp:1196 real_choose_bitmap_format        [   3.20444] Alpha doesn't match
d3d      D         d3d_disp.cpp:1203 real_choose_bitmap_format        [   3.20445] Adapter format is 23
d3d      D         d3d_disp.cpp:1206 real_choose_bitmap_format        [   3.20447] Found a format
d3d      I         d3d_disp.cpp:2378 d3d_create_bitmap                [   3.20448] Chose bitmap format 9
dtor     D               dtor.c:196  _al_register_destructor          [   3.20498] added dtor for bitmap 04672EE0, func 0F6E222A
d3d      D          d3d_bmp.cpp:539  _al_d3d_sync_bitmap              [   3.21816] _al_d3d_sync_bitmap (system) ref count == 1
d3d      D          d3d_bmp.cpp:545  _al_d3d_sync_bitmap              [   3.21821] _al_d3d_sync_bitmap (video) ref count == 1
stdio    D         file_stdio.c:105  file_stdio_fopen                 [   3.45625] opening plansza1.bmp rb
d3d      D         d3d_disp.cpp:1188 real_choose_bitmap_format        [   3.45655] Fake format
d3d      D         d3d_disp.cpp:1188 real_choose_bitmap_format        [   3.45657] Fake format
d3d      D         d3d_disp.cpp:1188 real_choose_bitmap_format        [   3.45658] Fake format
d3d      D         d3d_disp.cpp:1188 real_choose_bitmap_format        [   3.45660] Fake format
d3d      D         d3d_disp.cpp:1188 real_choose_bitmap_format        [   3.45661] Fake format
d3d      D         d3d_disp.cpp:1188 real_choose_bitmap_format        [   3.45663] Fake format
d3d      D         d3d_disp.cpp:1188 real_choose_bitmap_format        [   3.45664] Fake format
d3d      D         d3d_disp.cpp:1188 real_choose_bitmap_format        [   3.45666] Fake format
d3d      D         d3d_disp.cpp:1188 real_choose_bitmap_format        [   3.45667] Fake format
d3d      D         d3d_disp.cpp:1196 real_choose_bitmap_format        [   3.45669] Alpha doesn't match
d3d      D         d3d_disp.cpp:1203 real_choose_bitmap_format        [   3.45670] Adapter format is 23
d3d      D         d3d_disp.cpp:1206 real_choose_bitmap_format        [   3.45672] Found a format
d3d      I         d3d_disp.cpp:2378 d3d_create_bitmap                [   3.45674] Chose bitmap format 9
dtor     D               dtor.c:196  _al_register_destructor          [   3.45823] added dtor for bitmap 04673058, func 0F6E222A
d3d      D          d3d_bmp.cpp:539  _al_d3d_sync_bitmap              [   3.46540] _al_d3d_sync_bitmap (system) ref count == 1
d3d      D          d3d_bmp.cpp:545  _al_d3d_sync_bitmap              [   3.46545] _al_d3d_sync_bitmap (video) ref count == 1
stdio    D         file_stdio.c:105  file_stdio_fopen                 [   3.46747] opening plansza1.bmp rb
d3d      D         d3d_disp.cpp:1188 real_choose_bitmap_format        [   3.46778] Fake format
d3d      D         d3d_disp.cpp:1188 real_choose_bitmap_format        [   3.46782] Fake format
d3d      D         d3d_disp.cpp:1188 real_choose_bitmap_format        [   3.46784] Fake format
d3d      D         d3d_disp.cpp:1188 real_choose_bitmap_format        [   3.46785] Fake format
d3d      D         d3d_disp.cpp:1188 real_choose_bitmap_format        [   3.46786] Fake format
d3d      D         d3d_disp.cpp:1188 real_choose_bitmap_format        [   3.46788] Fake format
d3d      D         d3d_disp.cpp:1188 real_choose_bitmap_format        [   3.46789] Fake format
d3d      D         d3d_disp.cpp:1188 real_choose_bitmap_format        [   3.46791] Fake format
d3d      D         d3d_disp.cpp:1188 real_choose_bitmap_format        [   3.46792] Fake format
d3d      D         d3d_disp.cpp:1196 real_choose_bitmap_format        [   3.46793] Alpha doesn't match
d3d      D         d3d_disp.cpp:1203 real_choose_bitmap_format        [   3.46795] Adapter format is 23
d3d      D         d3d_disp.cpp:1206 real_choose_bitmap_format        [   3.46796] Found a format
d3d      I         d3d_disp.cpp:2378 d3d_create_bitmap                [   3.46798] Chose bitmap format 9
dtor     D               dtor.c:196  _al_register_destructor          [   3.46957] added dtor for bitmap 04674910, func 0F6E222A
d3d      D          d3d_bmp.cpp:539  _al_d3d_sync_bitmap              [   3.47794] _al_d3d_sync_bitmap (system) ref count == 1
d3d      D          d3d_bmp.cpp:545  _al_d3d_sync_bitmap              [   3.47801] _al_d3d_sync_bitmap (video) ref count == 1
stdio    D         file_stdio.c:105  file_stdio_fopen                 [   3.60039] opening plansza1.bmp rb
d3d      D         d3d_disp.cpp:1188 real_choose_bitmap_format        [   3.60067] Fake format
d3d      D         d3d_disp.cpp:1188 real_choose_bitmap_format        [   3.60069] Fake format
d3d      D         d3d_disp.cpp:1188 real_choose_bitmap_format        [   3.60071] Fake format
d3d      D         d3d_disp.cpp:1188 real_choose_bitmap_format        [   3.60072] Fake format
d3d      D         d3d_disp.cpp:1188 real_choose_bitmap_format        [   3.60074] Fake format
d3d      D         d3d_disp.cpp:1188 real_choose_bitmap_format        [   3.60075] Fake format
d3d      D         d3d_disp.cpp:1188 real_choose_bitmap_format        [   3.60077] Fake format
d3d      D         d3d_disp.cpp:1188 real_choose_bitmap_format        [   3.60078] Fake format
d3d      D         d3d_disp.cpp:1188 real_choose_bitmap_format        [   3.60079] Fake format
d3d      D         d3d_disp.cpp:1196 real_choose_bitmap_format        [   3.60081] Alpha doesn't match
d3d      D         d3d_disp.cpp:1203 real_choose_bitmap_format        [   3.60082] Adapter format is 23
d3d      D         d3d_disp.cpp:1206 real_choose_bitmap_format        [   3.60084] Found a format
d3d      I         d3d_disp.cpp:2378 d3d_create_bitmap                [   3.60085] Chose bitmap format 9
dtor     D               dtor.c:196  _al_register_destructor          [   3.60233] added dtor for bitmap 04674A88, func 0F6E222A
d3d      D          d3d_bmp.cpp:539  _al_d3d_sync_bitmap              [   3.60994] _al_d3d_sync_bitmap (system) ref count == 1
d3d      D          d3d_bmp.cpp:545  _al_d3d_sync_bitmap              [   3.60999] _al_d3d_sync_bitmap (video) ref count == 1
stdio    D         file_stdio.c:105  file_stdio_fopen                 [   4.78929] opening plansza1.bmp rb
d3d      D         d3d_disp.cpp:1188 real_choose_bitmap_format        [   5.01018] Fake format
d3d      D         d3d_disp.cpp:1188 real_choose_bitmap_format        [   5.01021] Fake format
d3d      D         d3d_disp.cpp:1188 real_choose_bitmap_format        [   5.01023] Fake format
d3d      D         d3d_disp.cpp:1188 real_choose_bitmap_format        [   5.01024] Fake format
d3d      D         d3d_disp.cpp:1188 real_choose_bitmap_format        [   5.01025] Fake format
d3d      D         d3d_disp.cpp:1188 real_choose_bitmap_format        [   5.01027] Fake format
d3d      D         d3d_disp.cpp:1188 real_choose_bitmap_format        [   5.01028] Fake format
d3d      D         d3d_disp.cpp:1188 real_choose_bitmap_format        [   5.01030] Fake format
d3d      D         d3d_disp.cpp:1188 real_choose_bitmap_format        [   5.01032] Fake format
d3d      D         d3d_disp.cpp:1196 real_choose_bitmap_format        [   5.01033] Alpha doesn't match
d3d      D         d3d_disp.cpp:1203 real_choose_bitmap_format        [   5.01034] Adapter format is 23
d3d      D         d3d_disp.cpp:1206 real_choose_bitmap_format        [   5.01036] Found a format
d3d      I         d3d_disp.cpp:2378 d3d_create_bitmap                [   5.01038] Chose bitmap format 9
dtor     D               dtor.c:196  _al_register_destructor          [   5.01072] added dtor for bitmap 04674C00, func 0F6E222A
d3d      D          d3d_bmp.cpp:539  _al_d3d_sync_bitmap              [   5.48418] _al_d3d_sync_bitmap (system) ref count == 1
d3d      D          d3d_bmp.cpp:545  _al_d3d_sync_bitmap              [   5.48423] _al_d3d_sync_bitmap (video) ref count == 1
stdio    D         file_stdio.c:105  file_stdio_fopen                 [   5.48799] opening plansza1.bmp rb
d3d      D         d3d_disp.cpp:1188 real_choose_bitmap_format        [   5.48833] Fake format
d3d      D         d3d_disp.cpp:1188 real_choose_bitmap_format        [   5.48836] Fake format
d3d      D         d3d_disp.cpp:1188 real_choose_bitmap_format        [   5.48837] Fake format
d3d      D         d3d_disp.cpp:1188 real_choose_bitmap_format        [   5.48839] Fake format
d3d      D         d3d_disp.cpp:1188 real_choose_bitmap_format        [   5.48840] Fake format
d3d      D         d3d_disp.cpp:1188 real_choose_bitmap_format        [   5.48842] Fake format
d3d      D         d3d_disp.cpp:1188 real_choose_bitmap_format        [   5.48843] Fake format
d3d      D         d3d_disp.cpp:1188 real_choose_bitmap_format        [   5.48846] Fake format
d3d      D         d3d_disp.cpp:1188 real_choose_bitmap_format        [   5.48848] Fake format
d3d      D         d3d_disp.cpp:1196 real_choose_bitmap_format        [   5.48849] Alpha doesn't match
d3d      D         d3d_disp.cpp:1203 real_choose_bitmap_format        [   5.48851] Adapter format is 23
d3d      D         d3d_disp.cpp:1206 real_choose_bitmap_format        [   5.48853] Found a format
d3d      I         d3d_disp.cpp:2378 d3d_create_bitmap                [   5.48854] Chose bitmap format 9
dtor     D               dtor.c:196  _al_register_destructor          [   5.48906] added dtor for bitmap 046A3590, func 0F6E222A
d3d      D          d3d_bmp.cpp:539  _al_d3d_sync_bitmap              [   5.49512] _al_d3d_sync_bitmap (system) ref count == 1
d3d      D          d3d_bmp.cpp:545  _al_d3d_sync_bitmap              [   5.49517] _al_d3d_sync_bitmap (video) ref count == 1
dtor     D               dtor.c:227  _al_unregister_destructor        [   5.49912] removed dtor for queue 00842E90
d3d      I         d3d_disp.cpp:901  d3d_destroy_display              [   5.49920] destroying display 007A9AE0 (current 00000000)
bitmap   D        bitmap_type.c:308  _al_convert_to_memory_bitmap     [   5.50319] converting display bitmap 046A3590 to memory bitmap
dtor     D               dtor.c:196  _al_register_destructor          [   5.50430] added dtor for bitmap 0084EE38, func 0F6E222A
d3d      D          d3d_bmp.cpp:539  _al_d3d_sync_bitmap              [   5.50444] _al_d3d_sync_bitmap (system) ref count == 1
d3d      D          d3d_bmp.cpp:545  _al_d3d_sync_bitmap              [   5.50448] _al_d3d_sync_bitmap (video) ref count == 1
dtor     D               dtor.c:227  _al_unregister_destructor        [   5.50806] removed dtor for bitmap 0084EE38
bitmap   D        bitmap_type.c:308  _al_convert_to_memory_bitmap     [   5.50833] converting display bitmap 04674C00 to memory bitmap
dtor     D               dtor.c:196  _al_register_destructor          [   5.50866] added dtor for bitmap 0084EE38, func 0F6E222A
d3d      D          d3d_bmp.cpp:539  _al_d3d_sync_bitmap              [   5.50873] _al_d3d_sync_bitmap (system) ref count == 1
d3d      D          d3d_bmp.cpp:545  _al_d3d_sync_bitmap              [   5.50877] _al_d3d_sync_bitmap (video) ref count == 1
dtor     D               dtor.c:227  _al_unregister_destructor        [   5.51231] removed dtor for bitmap 0084EE38
bitmap   D        bitmap_type.c:308  _al_convert_to_memory_bitmap     [   5.51280] converting display bitmap 04674A88 to memory bitmap
dtor     D               dtor.c:196  _al_register_destructor          [   5.51369] added dtor for bitmap 0084EE38, func 0F6E222A
d3d      D          d3d_bmp.cpp:539  _al_d3d_sync_bitmap              [   5.51377] _al_d3d_sync_bitmap (system) ref count == 1
d3d      D          d3d_bmp.cpp:545  _al_d3d_sync_bitmap              [   5.51381] _al_d3d_sync_bitmap (video) ref count == 1
dtor     D               dtor.c:227  _al_unregister_destructor        [   5.51785] removed dtor for bitmap 0084EE38
bitmap   D        bitmap_type.c:308  _al_convert_to_memory_bitmap     [   5.51840] converting display bitmap 04674910 to memory bitmap
dtor     D               dtor.c:196  _al_register_destructor          [   5.51924] added dtor for bitmap 0084EE38, func 0F6E222A
d3d      D          d3d_bmp.cpp:539  _al_d3d_sync_bitmap              [   5.51931] _al_d3d_sync_bitmap (system) ref count == 1
d3d      D          d3d_bmp.cpp:545  _al_d3d_sync_bitmap              [   5.51935] _al_d3d_sync_bitmap (video) ref count == 1
dtor     D               dtor.c:227  _al_unregister_destructor        [   5.52259] removed dtor for bitmap 0084EE38
bitmap   D        bitmap_type.c:308  _al_convert_to_memory_bitmap     [   5.52323] converting display bitmap 04673058 to memory bitmap
dtor     D               dtor.c:196  _al_register_destructor          [   5.52387] added dtor for bitmap 0084EE38, func 0F6E222A
d3d      D          d3d_bmp.cpp:539  _al_d3d_sync_bitmap              [   5.52406] _al_d3d_sync_bitmap (system) ref count == 1
d3d      D          d3d_bmp.cpp:545  _al_d3d_sync_bitmap              [   5.52410] _al_d3d_sync_bitmap (video) ref count == 1
dtor     D               dtor.c:227  _al_unregister_destructor        [   5.52663] removed dtor for bitmap 0084EE38
bitmap   D        bitmap_type.c:308  _al_convert_to_memory_bitmap     [   5.52713] converting display bitmap 04672EE0 to memory bitmap
dtor     D               dtor.c:196  _al_register_destructor          [   5.52776] added dtor for bitmap 0084EE38, func 0F6E222A
d3d      D          d3d_bmp.cpp:539  _al_d3d_sync_bitmap              [   5.52784] _al_d3d_sync_bitmap (system) ref count == 1
d3d      D          d3d_bmp.cpp:545  _al_d3d_sync_bitmap              [   5.52787] _al_d3d_sync_bitmap (video) ref count == 1
dtor     D               dtor.c:227  _al_unregister_destructor        [   5.53057] removed dtor for bitmap 0084EE38
bitmap   D        bitmap_type.c:308  _al_convert_to_memory_bitmap     [   5.53110] converting display bitmap 0475AD90 to memory bitmap
dtor     D               dtor.c:196  _al_register_destructor          [   5.53197] added dtor for bitmap 0084EE38, func 0F6E222A
d3d      D          d3d_bmp.cpp:539  _al_d3d_sync_bitmap              [   5.53205] _al_d3d_sync_bitmap (system) ref count == 1
d3d      D          d3d_bmp.cpp:545  _al_d3d_sync_bitmap              [   5.53209] _al_d3d_sync_bitmap (video) ref count == 1
dtor     D               dtor.c:227  _al_unregister_destructor        [   5.53299] removed dtor for bitmap 0084EE38
bitmap   D        bitmap_type.c:308  _al_convert_to_memory_bitmap     [   5.53348] converting display bitmap 046A5D90 to memory bitmap
dtor     D               dtor.c:196  _al_register_destructor          [   5.53426] added dtor for bitmap 0084EE38, func 0F6E222A
d3d      D          d3d_bmp.cpp:539  _al_d3d_sync_bitmap              [   5.53433] _al_d3d_sync_bitmap (system) ref count == 1
d3d      D          d3d_bmp.cpp:545  _al_d3d_sync_bitmap              [   5.53437] _al_d3d_sync_bitmap (video) ref count == 1
dtor     D               dtor.c:227  _al_unregister_destructor        [   5.53528] removed dtor for bitmap 0084EE38
bitmap   D        bitmap_type.c:308  _al_convert_to_memory_bitmap     [   5.53581] converting display bitmap 046736C8 to memory bitmap
dtor     D               dtor.c:196  _al_register_destructor          [   5.53681] added dtor for bitmap 0084EE38, func 0F6E222A
d3d      D          d3d_bmp.cpp:539  _al_d3d_sync_bitmap              [   5.53692] _al_d3d_sync_bitmap (system) ref count == 1
d3d      D          d3d_bmp.cpp:545  _al_d3d_sync_bitmap              [   5.53697] _al_d3d_sync_bitmap (video) ref count == 1
dtor     D               dtor.c:227  _al_unregister_destructor        [   5.53837] removed dtor for bitmap 0084EE38
bitmap   D        bitmap_type.c:308  _al_convert_to_memory_bitmap     [   5.53904] converting display bitmap 046D5EA8 to memory bitmap
dtor     D               dtor.c:196  _al_register_destructor          [   5.54013] added dtor for bitmap 0084EE38, func 0F6E222A
d3d      D          d3d_bmp.cpp:539  _al_d3d_sync_bitmap              [   5.54021] _al_d3d_sync_bitmap (system) ref count == 1
d3d      D          d3d_bmp.cpp:545  _al_d3d_sync_bitmap              [   5.54025] _al_d3d_sync_bitmap (video) ref count == 1
dtor     D               dtor.c:227  _al_unregister_destructor        [   5.54120] removed dtor for bitmap 0084EE38
bitmap   D        bitmap_type.c:308  _al_convert_to_memory_bitmap     [   5.54170] converting display bitmap 047494A0 to memory bitmap
dtor     D               dtor.c:196  _al_register_destructor          [   5.54265] added dtor for bitmap 0084EE38, func 0F6E222A
d3d      D          d3d_bmp.cpp:539  _al_d3d_sync_bitmap              [   5.54272] _al_d3d_sync_bitmap (system) ref count == 1
d3d      D          d3d_bmp.cpp:545  _al_d3d_sync_bitmap              [   5.54276] _al_d3d_sync_bitmap (video) ref count == 1
dtor     D               dtor.c:227  _al_unregister_destructor        [   5.54402] removed dtor for bitmap 0084EE38
bitmap   D        bitmap_type.c:308  _al_convert_to_memory_bitmap     [   5.54430] converting display bitmap 008428F8 to memory bitmap
dtor     D               dtor.c:196  _al_register_destructor          [   5.54463] added dtor for bitmap 0084EE38, func 0F6E222A
d3d      D          d3d_bmp.cpp:539  _al_d3d_sync_bitmap              [   5.54470] _al_d3d_sync_bitmap (system) ref count == 1
d3d      D          d3d_bmp.cpp:545  _al_d3d_sync_bitmap              [   5.54474] _al_d3d_sync_bitmap (video) ref count == 1
dtor     D               dtor.c:227  _al_unregister_destructor        [   5.54648] removed dtor for bitmap 0084EE38
bitmap   D        bitmap_type.c:308  _al_convert_to_memory_bitmap     [   5.54681] converting display bitmap 04695198 to memory bitmap
dtor     D               dtor.c:196  _al_register_destructor          [   5.54717] added dtor for bitmap 0084EE38, func 0F6E222A
d3d      D          d3d_bmp.cpp:539  _al_d3d_sync_bitmap              [   5.54726] _al_d3d_sync_bitmap (system) ref count == 1
d3d      D          d3d_bmp.cpp:545  _al_d3d_sync_bitmap              [   5.54730] _al_d3d_sync_bitmap (video) ref count == 1
dtor     D               dtor.c:227  _al_unregister_destructor        [   5.54851] removed dtor for bitmap 0084EE38
bitmap   D        bitmap_type.c:308  _al_convert_to_memory_bitmap     [   5.54881] converting display bitmap 0079C9A8 to memory bitmap
dtor     D               dtor.c:196  _al_register_destructor          [   5.54910] added dtor for bitmap 0084EE38, func 0F6E222A
d3d      D          d3d_bmp.cpp:539  _al_d3d_sync_bitmap              [   5.54916] _al_d3d_sync_bitmap (system) ref count == 1
d3d      D          d3d_bmp.cpp:545  _al_d3d_sync_bitmap              [   5.54919] _al_d3d_sync_bitmap (video) ref count == 1
dtor     D               dtor.c:227  _al_unregister_destructor        [   5.55046] removed dtor for bitmap 0084EE38
bitmap   D        bitmap_type.c:308  _al_convert_to_memory_bitmap     [   5.55077] converting display bitmap 00843948 to memory bitmap
dtor     D               dtor.c:196  _al_register_destructor          [   5.55108] added dtor for bitmap 0084EE38, func 0F6E222A
d3d      D          d3d_bmp.cpp:539  _al_d3d_sync_bitmap              [   5.55115] _al_d3d_sync_bitmap (system) ref count == 1
d3d      D          d3d_bmp.cpp:545  _al_d3d_sync_bitmap              [   5.55119] _al_d3d_sync_bitmap (video) ref count == 1
dtor     D               dtor.c:227  _al_unregister_destructor        [   5.55252] removed dtor for bitmap 0084EE38
d3d      D         d3d_disp.cpp:885  d3d_destroy_display_internals    [   5.55277] waiting for display 007A9AE0's thread to end
d3d      W         d3d_disp.cpp:595  d3d_destroy_device               [   5.55701] d3d_destroy_device: ref count not 0
d3d      W         d3d_disp.cpp:595  d3d_destroy_device               [   5.55706] d3d_destroy_device: ref count not 0
d3d      I         d3d_disp.cpp:1549 d3d_display_thread_proc          [   5.56161] d3d display thread exits
dtor     D               dtor.c:227  _al_unregister_destructor        [   5.56195] removed dtor for bitmap 046A3590
dtor     D               dtor.c:116  _al_run_destructors              [   5.56213] calling dtor for bitmap 04674C00, func 0F6E222A
dtor     D               dtor.c:227  _al_unregister_destructor        [   5.56218] removed dtor for bitmap 04674C00
dtor     D               dtor.c:116  _al_run_destructors              [   5.56243] calling dtor for bitmap 04674A88, func 0F6E222A
dtor     D               dtor.c:227  _al_unregister_destructor        [   5.56247] removed dtor for bitmap 04674A88
dtor     D               dtor.c:116  _al_run_destructors              [   5.56264] calling dtor for bitmap 04674910, func 0F6E222A
dtor     D               dtor.c:227  _al_unregister_destructor        [   5.56266] removed dtor for bitmap 04674910
dtor     D               dtor.c:116  _al_run_destructors              [   5.56281] calling dtor for bitmap 04673058, func 0F6E222A
dtor     D               dtor.c:227  _al_unregister_destructor        [   5.56284] removed dtor for bitmap 04673058
dtor     D               dtor.c:116  _al_run_destructors              [   5.56299] calling dtor for bitmap 04672EE0, func 0F6E222A
dtor     D               dtor.c:227  _al_unregister_destructor        [   5.56301] removed dtor for bitmap 04672EE0
dtor     D               dtor.c:116  _al_run_destructors              [   5.56315] calling dtor for bitmap 0475AD90, func 0F6E222A
dtor     D               dtor.c:227  _al_unregister_destructor        [   5.56317] removed dtor for bitmap 0475AD90
dtor     D               dtor.c:116  _al_run_destructors              [   5.56332] calling dtor for bitmap 046A5D90, func 0F6E222A
dtor     D               dtor.c:227  _al_unregister_destructor        [   5.56335] removed dtor for bitmap 046A5D90
dtor     D               dtor.c:116  _al_run_destructors              [   5.56349] calling dtor for bitmap 046736C8, func 0F6E222A
dtor     D               dtor.c:227  _al_unregister_destructor        [   5.56352] removed dtor for bitmap 046736C8
dtor     D               dtor.c:116  _al_run_destructors              [   5.56366] calling dtor for bitmap 046D5EA8, func 0F6E222A
dtor     D               dtor.c:227  _al_unregister_destructor        [   5.56368] removed dtor for bitmap 046D5EA8
dtor     D               dtor.c:116  _al_run_destructors              [   5.56384] calling dtor for bitmap 047494A0, func 0F6E222A
dtor     D               dtor.c:227  _al_unregister_destructor        [   5.56387] removed dtor for bitmap 047494A0
dtor     D               dtor.c:116  _al_run_destructors              [   5.56403] calling dtor for bitmap 008428F8, func 0F6E222A
dtor     D               dtor.c:227  _al_unregister_destructor        [   5.56406] removed dtor for bitmap 008428F8
dtor     D               dtor.c:116  _al_run_destructors              [   5.56421] calling dtor for bitmap 04695198, func 0F6E222A
dtor     D               dtor.c:227  _al_unregister_destructor        [   5.56423] removed dtor for bitmap 04695198
dtor     D               dtor.c:116  _al_run_destructors              [   5.56437] calling dtor for bitmap 0079C9A8, func 0F6E222A
dtor     D               dtor.c:227  _al_unregister_destructor        [   5.56440] removed dtor for bitmap 0079C9A8
dtor     D               dtor.c:116  _al_run_destructors              [   5.56462] calling dtor for bitmap 00843948, func 0F6E222A
dtor     D               dtor.c:227  _al_unregister_destructor        [   5.56466] removed dtor for bitmap 00843948
